{
  "RSpec": {
    "coverage": {
      "/Users/Micah/projects/helter_shelter_api/helter_shelter_api/spec/models/boarder_spec.rb": {
        "lines": [
          1,
          null,
          1,
          1,
          2,
          null,
          null,
          1,
          2,
          2,
          2,
          null,
          null
        ]
      },
      "/Users/Micah/projects/helter_shelter_api/helter_shelter_api/spec/rails_helper.rb": {
        "lines": [
          null,
          1,
          1,
          1,
          null,
          1,
          1,
          1,
          null,
          null,
          null,
          null,
          null,
          null,
          null,
          null,
          null,
          null,
          null,
          null,
          null,
          null,
          null,
          null,
          null,
          null,
          null,
          null,
          1,
          null,
          0,
          0,
          null,
          1,
          null,
          1,
          null,
          null,
          null,
          null,
          null,
          null,
          1,
          null,
          1,
          1,
          null,
          1,
          34,
          null,
          1,
          0,
          null,
          1,
          34,
          null,
          1,
          34,
          null,
          1,
          13,
          null,
          1,
          13,
          null,
          null,
          null,
          null,
          null,
          null,
          null,
          null,
          null,
          null,
          null,
          null,
          null,
          null,
          null,
          null,
          null,
          null,
          1,
          null,
          null,
          1,
          null,
          null,
          null,
          null,
          1,
          1,
          1,
          1,
          null,
          null
        ]
      },
      "/Users/Micah/projects/helter_shelter_api/helter_shelter_api/config/environment.rb": {
        "lines": [
          null,
          1,
          null,
          null,
          1
        ]
      },
      "/Users/Micah/projects/helter_shelter_api/helter_shelter_api/config/application.rb": {
        "lines": [
          1,
          null,
          1,
          null,
          1,
          1,
          1,
          1,
          1,
          1,
          1,
          1,
          null,
          null,
          null,
          null,
          null,
          1,
          null,
          1,
          1,
          null,
          1,
          null,
          null,
          null,
          null,
          null,
          null,
          null,
          null,
          null,
          1,
          null,
          null
        ]
      },
      "/Users/Micah/projects/helter_shelter_api/helter_shelter_api/config/boot.rb": {
        "lines": [
          1,
          null,
          1,
          1
        ]
      },
      "/Users/Micah/projects/helter_shelter_api/helter_shelter_api/config/environments/test.rb": {
        "lines": [
          1,
          null,
          null,
          null,
          null,
          null,
          null,
          1,
          null,
          null,
          null,
          null,
          1,
          null,
          null,
          1,
          1,
          null,
          null,
          null,
          null,
          1,
          1,
          null,
          null,
          1,
          null,
          null,
          1,
          null,
          null,
          1,
          null,
          1,
          null,
          null,
          null,
          null,
          1,
          null,
          null,
          1,
          null,
          null,
          null,
          null
        ]
      },
      "/Users/Micah/projects/helter_shelter_api/helter_shelter_api/config/initializers/application_controller_renderer.rb": {
        "lines": [
          null,
          null,
          null,
          null,
          null,
          null,
          null,
          null
        ]
      },
      "/Users/Micah/projects/helter_shelter_api/helter_shelter_api/config/initializers/backtrace_silencers.rb": {
        "lines": [
          null,
          null,
          null,
          null,
          null,
          null,
          null
        ]
      },
      "/Users/Micah/projects/helter_shelter_api/helter_shelter_api/config/initializers/cors.rb": {
        "lines": [
          null,
          null,
          null,
          null,
          null,
          null,
          null,
          1,
          1,
          1,
          null,
          1,
          null,
          null,
          null,
          null
        ]
      },
      "/Users/Micah/projects/helter_shelter_api/helter_shelter_api/config/initializers/filter_parameter_logging.rb": {
        "lines": [
          null,
          null,
          null,
          1
        ]
      },
      "/Users/Micah/projects/helter_shelter_api/helter_shelter_api/config/initializers/inflections.rb": {
        "lines": [
          null,
          null,
          null,
          null,
          null,
          null,
          null,
          null,
          null,
          null,
          null,
          null,
          null,
          null,
          null,
          null
        ]
      },
      "/Users/Micah/projects/helter_shelter_api/helter_shelter_api/config/initializers/mime_types.rb": {
        "lines": [
          null,
          null,
          null,
          null
        ]
      },
      "/Users/Micah/projects/helter_shelter_api/helter_shelter_api/config/initializers/swagger_docs.rb": {
        "lines": [
          1,
          null,
          1,
          null,
          null,
          null,
          null,
          null,
          null,
          null,
          null,
          null,
          null,
          null,
          null,
          null,
          null,
          null,
          null,
          null,
          null,
          null,
          null,
          null,
          null,
          null,
          null
        ]
      },
      "/Users/Micah/projects/helter_shelter_api/helter_shelter_api/config/initializers/wrap_parameters.rb": {
        "lines": [
          null,
          null,
          null,
          null,
          null,
          null,
          1,
          2,
          null,
          null,
          null,
          null,
          null,
          null
        ]
      },
      "/Users/Micah/projects/helter_shelter_api/helter_shelter_api/app/channels/application_cable/channel.rb": {
        "lines": [
          1,
          1,
          null,
          null
        ]
      },
      "/Users/Micah/projects/helter_shelter_api/helter_shelter_api/app/channels/application_cable/connection.rb": {
        "lines": [
          1,
          1,
          null,
          null
        ]
      },
      "/Users/Micah/projects/helter_shelter_api/helter_shelter_api/app/controllers/api/v1/boarders_controller.rb": {
        "lines": [
          1,
          1,
          null,
          1,
          0,
          0,
          0,
          null,
          null,
          1,
          4,
          4,
          4,
          3,
          null,
          1,
          null,
          null,
          null,
          null,
          null,
          1,
          5,
          5,
          5,
          1,
          null,
          4,
          null,
          null,
          null,
          1,
          2,
          2,
          2,
          2,
          null,
          null,
          null,
          1,
          2,
          2,
          null,
          null,
          1,
          2,
          2,
          2,
          null,
          null,
          1,
          3,
          3,
          3,
          null,
          null,
          null,
          1,
          4,
          null,
          null,
          null,
          1,
          0,
          0,
          0,
          0,
          0,
          null,
          null,
          1,
          0,
          0,
          0,
          0,
          0,
          0,
          null,
          null,
          1,
          0,
          0,
          0,
          0,
          0,
          0,
          null,
          null,
          1,
          0,
          0,
          0,
          0,
          0,
          0,
          0,
          null,
          null,
          1,
          0,
          0,
          0,
          0,
          0,
          0,
          0,
          0,
          0,
          0,
          0,
          0,
          0,
          null,
          null,
          1,
          0,
          0,
          0,
          0,
          0,
          0,
          0,
          0,
          0,
          0,
          0,
          0,
          0,
          0,
          null,
          null,
          1,
          0,
          0,
          0,
          0,
          0,
          0,
          0,
          null,
          null
        ]
      },
      "/Users/Micah/projects/helter_shelter_api/helter_shelter_api/app/controllers/application_controller.rb": {
        "lines": [
          1,
          1,
          null,
          1,
          1,
          null,
          null,
          1,
          0,
          null,
          null
        ]
      },
      "/Users/Micah/projects/helter_shelter_api/helter_shelter_api/app/controllers/concerns/response.rb": {
        "lines": [
          1,
          1,
          27,
          null,
          null
        ]
      },
      "/Users/Micah/projects/helter_shelter_api/helter_shelter_api/app/controllers/api/v1/branches_controller.rb": {
        "lines": [
          1,
          1,
          null,
          1,
          3,
          3,
          null,
          null,
          1,
          4,
          3,
          null,
          null,
          1,
          5,
          5,
          null,
          null,
          1,
          2,
          2,
          2,
          null,
          null,
          1,
          3,
          3,
          3,
          null,
          null,
          null,
          null,
          null,
          1,
          7,
          null,
          null,
          null,
          1,
          0,
          0,
          0,
          0,
          0,
          null,
          null,
          1,
          0,
          0,
          0,
          0,
          0,
          0,
          null,
          null,
          1,
          0,
          0,
          0,
          0,
          0,
          0,
          0,
          null,
          null,
          1,
          0,
          0,
          0,
          0,
          0,
          0,
          0,
          0,
          null,
          null,
          1,
          0,
          0,
          0,
          0,
          0,
          0,
          null,
          null
        ]
      },
      "/Users/Micah/projects/helter_shelter_api/helter_shelter_api/app/jobs/application_job.rb": {
        "lines": [
          1,
          null
        ]
      },
      "/Users/Micah/projects/helter_shelter_api/helter_shelter_api/app/mailers/application_mailer.rb": {
        "lines": [
          1,
          1,
          1,
          null
        ]
      },
      "/Users/Micah/projects/helter_shelter_api/helter_shelter_api/app/models/application_record.rb": {
        "lines": [
          1,
          1,
          null
        ]
      },
      "/Users/Micah/projects/helter_shelter_api/helter_shelter_api/app/models/boarder.rb": {
        "lines": [
          1,
          1,
          1,
          1,
          1,
          5,
          null
        ]
      },
      "/Users/Micah/projects/helter_shelter_api/helter_shelter_api/app/models/branch.rb": {
        "lines": [
          1,
          1,
          1,
          null
        ]
      },
      "/Users/Micah/projects/helter_shelter_api/helter_shelter_api/spec/factories.rb": {
        "lines": [
          1,
          1,
          46,
          46,
          46,
          46,
          46,
          46,
          1,
          null,
          null,
          1,
          112,
          null,
          1,
          1,
          4,
          null,
          1,
          3,
          3,
          null,
          null,
          null,
          null
        ]
      },
      "/Users/Micah/projects/helter_shelter_api/helter_shelter_api/config/routes.rb": {
        "lines": [
          1,
          1,
          1,
          1,
          1,
          null,
          1,
          1,
          null,
          null,
          null
        ]
      },
      "/Users/Micah/projects/helter_shelter_api/helter_shelter_api/spec/models/branch_spec.rb": {
        "lines": [
          1,
          null,
          1,
          1,
          2,
          null,
          null,
          1,
          2,
          null,
          null
        ]
      },
      "/Users/Micah/projects/helter_shelter_api/helter_shelter_api/spec/requests/delete_boarder_spec.rb": {
        "lines": [
          1,
          null,
          1,
          1,
          3,
          3,
          null,
          null,
          null,
          3,
          null,
          null,
          null,
          3,
          null,
          null,
          1,
          1,
          null,
          null,
          1,
          1,
          1,
          1,
          null,
          null,
          1,
          1,
          null,
          null
        ]
      },
      "/Users/Micah/projects/helter_shelter_api/helter_shelter_api/spec/requests/delete_branch_spec.rb": {
        "lines": [
          1,
          null,
          1,
          1,
          3,
          3,
          3,
          null,
          null,
          1,
          1,
          null,
          null,
          1,
          1,
          1,
          1,
          null,
          null,
          1,
          1,
          null,
          null
        ]
      },
      "/Users/Micah/projects/helter_shelter_api/helter_shelter_api/spec/requests/get_boarder_spec.rb": {
        "lines": [
          1,
          null,
          1,
          1,
          2,
          2,
          2,
          null,
          null,
          1,
          1,
          null,
          null,
          1,
          1,
          null,
          null
        ]
      },
      "/Users/Micah/projects/helter_shelter_api/helter_shelter_api/spec/requests/get_boarders_spec.rb": {
        "lines": [
          1,
          null,
          1,
          1,
          3,
          3,
          null,
          null,
          1,
          1,
          null,
          null,
          1,
          1,
          null,
          null,
          1,
          1,
          1,
          1,
          1,
          null,
          null
        ]
      },
      "/Users/Micah/projects/helter_shelter_api/helter_shelter_api/spec/requests/get_branch_spec.rb": {
        "lines": [
          1,
          null,
          1,
          4,
          null,
          1,
          3,
          3,
          null,
          null,
          1,
          1,
          null,
          null,
          1,
          1,
          null,
          null,
          1,
          1,
          1,
          null,
          null
        ]
      },
      "/Users/Micah/projects/helter_shelter_api/helter_shelter_api/spec/requests/get_branches_spec.rb": {
        "lines": [
          1,
          null,
          1,
          3,
          null,
          3,
          null,
          1,
          1,
          null,
          null,
          1,
          1,
          null,
          null
        ]
      },
      "/Users/Micah/projects/helter_shelter_api/helter_shelter_api/spec/requests/patch_boarder_spec.rb": {
        "lines": [
          1,
          null,
          1,
          1,
          2,
          2,
          null,
          null,
          null,
          2,
          null,
          null,
          1,
          1,
          null,
          null,
          1,
          1,
          null,
          null
        ]
      },
      "/Users/Micah/projects/helter_shelter_api/helter_shelter_api/spec/requests/patch_branch_spec.rb": {
        "lines": [
          1,
          null,
          1,
          1,
          2,
          2,
          null,
          null,
          1,
          1,
          null,
          null,
          1,
          1,
          null,
          null
        ]
      },
      "/Users/Micah/projects/helter_shelter_api/helter_shelter_api/spec/requests/post_boarder_spec.rb": {
        "lines": [
          1,
          null,
          1,
          1,
          2,
          2,
          null,
          null,
          null,
          null,
          null,
          1,
          1,
          null,
          null,
          1,
          1,
          null,
          null
        ]
      },
      "/Users/Micah/projects/helter_shelter_api/helter_shelter_api/spec/requests/post_branch_spec.rb": {
        "lines": [
          1,
          null,
          1,
          1,
          2,
          null,
          null,
          1,
          1,
          null,
          null,
          1,
          1,
          null,
          null
        ]
      },
      "/Users/Micah/projects/helter_shelter_api/helter_shelter_api/spec/requests/search_boarder_spec.rb": {
        "lines": [
          1,
          null,
          1,
          1,
          4,
          4,
          null,
          null,
          null,
          4,
          null,
          null,
          null,
          null,
          null,
          1,
          1,
          1,
          1,
          null,
          null,
          1,
          1,
          1,
          1,
          1,
          null,
          null,
          1,
          1,
          1,
          null,
          null,
          1,
          1,
          1,
          1,
          null,
          null
        ]
      }
    },
    "timestamp": 1617499143
  }
}
